-------------------------------------------------------------------------------
Test set: com.zhaobf.dao.GoodsMapperTest
-------------------------------------------------------------------------------
Tests run: 1, Failures: 0, Errors: 1, Skipped: 0, Time elapsed: 0.422 s <<< FAILURE! - in com.zhaobf.dao.GoodsMapperTest
initializationError(com.zhaobf.dao.GoodsMapperTest)  Time elapsed: 0.006 s  <<< ERROR!
java.lang.IllegalStateException: Unable to find a @SpringBootConfiguration, you need to use @ContextConfiguration or @SpringBootTest(classes=...) with your test

